<?xml version="1.0" encoding="UTF-8"?>
<testng-results skipped="0" failed="0" total="1" passed="1">
  <reporter-output>
  </reporter-output>
  <suite name="Default suite" duration-ms="71022" started-at="2017-02-05T11:39:13Z" finished-at="2017-02-05T11:40:24Z">
    <groups>
    </groups>
    <test name="Default test" duration-ms="71022" started-at="2017-02-05T11:39:13Z" finished-at="2017-02-05T11:40:24Z">
      <class name="testcases.TC01_Login">
        <test-method status="PASS" signature="beforeSuite()[pri:0, instance:testcases.TC01_Login@47ef968d]" name="beforeSuite" is-config="true" duration-ms="760" started-at="2017-02-05T17:09:12Z" finished-at="2017-02-05T17:09:13Z">
          <reporter-output>
          </reporter-output>
        </test-method> <!-- beforeSuite -->
        <test-method status="PASS" signature="beforeTest()[pri:0, instance:testcases.TC01_Login@47ef968d]" name="beforeTest" is-config="true" duration-ms="2" started-at="2017-02-05T17:09:13Z" finished-at="2017-02-05T17:09:13Z">
          <reporter-output>
          </reporter-output>
        </test-method> <!-- beforeTest -->
        <test-method status="PASS" signature="setValues()[pri:0, instance:testcases.TC01_Login@47ef968d]" name="setValues" is-config="true" duration-ms="1" started-at="2017-02-05T17:09:13Z" finished-at="2017-02-05T17:09:13Z">
          <reporter-output>
          </reporter-output>
        </test-method> <!-- setValues -->
        <test-method status="PASS" signature="beforeMethod()[pri:0, instance:testcases.TC01_Login@47ef968d]" name="beforeMethod" is-config="true" duration-ms="8" started-at="2017-02-05T17:09:14Z" finished-at="2017-02-05T17:09:14Z">
          <reporter-output>
          </reporter-output>
        </test-method> <!-- beforeMethod -->
        <test-method status="PASS" signature="login(java.lang.String, java.lang.String, java.lang.String, java.lang.String, java.lang.String, java.lang.String)[pri:0, instance:testcases.TC01_Login@47ef968d]" name="login" duration-ms="69666" started-at="2017-02-05T17:09:14Z" data-provider="fetchData" finished-at="2017-02-05T17:10:24Z">
          <params>
            <param index="0">
              <value>
                <![CDATA[d24ca078]]>
              </value>
            </param>
            <param index="1">
              <value>
                <![CDATA[Rajesh.raju225@gmail.com]]>
              </value>
            </param>
            <param index="2">
              <value>
                <![CDATA[Kumar@1234]]>
              </value>
            </param>
            <param index="3">
              <value>
                <![CDATA[Rajeshh]]>
              </value>
            </param>
            <param index="4">
              <value>
                <![CDATA[MIT]]>
              </value>
            </param>
            <param index="5">
              <value>
                <![CDATA[9790998199]]>
              </value>
            </param>
          </params>
          <reporter-output>
          </reporter-output>
        </test-method> <!-- login -->
        <test-method status="PASS" signature="afterMethod()[pri:0, instance:testcases.TC01_Login@47ef968d]" name="afterMethod" is-config="true" duration-ms="11" started-at="2017-02-05T17:10:24Z" finished-at="2017-02-05T17:10:24Z">
          <reporter-output>
          </reporter-output>
        </test-method> <!-- afterMethod -->
        <test-method status="PASS" signature="afterTest()[pri:0, instance:testcases.TC01_Login@47ef968d]" name="afterTest" is-config="true" duration-ms="1" started-at="2017-02-05T17:10:24Z" finished-at="2017-02-05T17:10:24Z">
          <reporter-output>
          </reporter-output>
        </test-method> <!-- afterTest -->
        <test-method status="PASS" signature="afterSuite()[pri:0, instance:testcases.TC01_Login@47ef968d]" name="afterSuite" is-config="true" duration-ms="704" started-at="2017-02-05T17:10:24Z" finished-at="2017-02-05T17:10:25Z">
          <reporter-output>
          </reporter-output>
        </test-method> <!-- afterSuite -->
      </class> <!-- testcases.TC01_Login -->
    </test> <!-- Default test -->
  </suite> <!-- Default suite -->
</testng-results>
